0 verbose cli /home/keter/.nvm/versions/node/v20.5.1/bin/node /home/keter/.nvm/versions/node/v20.5.1/bin/npm
1 info using npm@9.8.0
2 info using node@v20.5.1
3 timing npm:load:whichnode Completed in 16ms
4 timing config:load:defaults Completed in 22ms
5 timing config:load:file:/home/keter/.nvm/versions/node/v20.5.1/lib/node_modules/npm/npmrc Completed in 21ms
6 timing config:load:builtin Completed in 21ms
7 timing config:load:cli Completed in 10ms
8 timing config:load:env Completed in 0ms
9 timing config:load:file:/home/keter/Development/code/phase-0/.npmrc Completed in 0ms
10 timing config:load:project Completed in 4ms
11 timing config:load:file:/home/keter/.npmrc Completed in 0ms
12 timing config:load:user Completed in 0ms
13 timing config:load:file:/home/keter/.nvm/versions/node/v20.5.1/etc/npmrc Completed in 0ms
14 timing config:load:global Completed in 0ms
15 timing config:load:setEnvs Completed in 2ms
16 timing config:load Completed in 62ms
17 timing npm:load:configload Completed in 62ms
18 timing config:load:flatten Completed in 12ms
19 timing npm:load:mkdirpcache Completed in 9ms
20 timing npm:load:mkdirplogs Completed in 1ms
21 verbose title npm install
22 verbose argv "install"
23 timing npm:load:setTitle Completed in 1ms
24 timing npm:load:display Completed in 1ms
25 verbose logfile logs-max:10 dir:/home/keter/.npm/_logs/2023-09-07T15_04_34_542Z-
26 verbose logfile /home/keter/.npm/_logs/2023-09-07T15_04_34_542Z-debug-0.log
27 timing npm:load:logFile Completed in 36ms
28 timing npm:load:timers Completed in 0ms
29 timing npm:load:configScope Completed in 0ms
30 timing npm:load Completed in 229ms
31 timing config:load:flatten Completed in 1ms
32 timing arborist:ctor Completed in 2ms
33 timing arborist:ctor Completed in 0ms
34 silly logfile done cleaning log files
35 timing idealTree:init Completed in 15ms
36 timing idealTree:userRequests Completed in 1ms
37 silly idealTree buildDeps
38 timing idealTree:#root Completed in 1ms
39 timing idealTree:buildDeps Completed in 1ms
40 timing idealTree:fixDepFlags Completed in 0ms
41 timing idealTree Completed in 19ms
42 timing reify:loadTrees Completed in 20ms
43 timing reify:diffTrees Completed in 1ms
44 silly reify moves {}
45 timing reify:retireShallow Completed in 1ms
46 timing reify:createSparse Completed in 0ms
47 timing reify:loadBundles Completed in 0ms
48 timing reify:unpack Completed in 1ms
49 timing reify:unretire Completed in 0ms
50 timing build:queue Completed in 0ms
51 timing build:deps Completed in 1ms
52 timing build Completed in 1ms
53 timing reify:build Completed in 1ms
54 timing reify:trash Completed in 0ms
55 timing reify:save Completed in 3ms
56 timing reify Completed in 9508ms
57 timing command:install Completed in 9639ms
58 verbose stack Error: ENOENT: no such file or directory, open '/home/keter/Development/code/phase-0/package.json'
59 verbose cwd /home/keter/Development/code/phase-0
60 verbose Linux 4.4.0-19041-Microsoft
61 verbose node v20.5.1
62 verbose npm  v9.8.0
63 error code ENOENT
64 error syscall open
65 error path /home/keter/Development/code/phase-0/package.json
66 error errno -2
67 error enoent ENOENT: no such file or directory, open '/home/keter/Development/code/phase-0/package.json'
68 error enoent This is related to npm not being able to find a file.
68 error enoent
69 verbose exit -2
70 timing npm Completed in 14966ms
71 verbose code -2
72 error A complete log of this run can be found in: /home/keter/.npm/_logs/2023-09-07T15_04_34_542Z-debug-0.log
