0 verbose cli /home/keter/.nvm/versions/node/v20.5.1/bin/node /home/keter/.nvm/versions/node/v20.5.1/bin/npm
1 info using npm@9.8.0
2 info using node@v20.5.1
3 timing npm:load:whichnode Completed in 3ms
4 timing config:load:defaults Completed in 4ms
5 timing config:load:file:/home/keter/.nvm/versions/node/v20.5.1/lib/node_modules/npm/npmrc Completed in 3ms
6 timing config:load:builtin Completed in 4ms
7 timing config:load:cli Completed in 2ms
8 timing config:load:env Completed in 0ms
9 timing config:load:file:/home/keter/Development/code/phase-0/.npmrc Completed in 0ms
10 timing config:load:project Completed in 5ms
11 timing config:load:file:/home/keter/.npmrc Completed in 0ms
12 timing config:load:user Completed in 0ms
13 timing config:load:file:/home/keter/.nvm/versions/node/v20.5.1/etc/npmrc Completed in 0ms
14 timing config:load:global Completed in 1ms
15 timing config:load:setEnvs Completed in 1ms
16 timing config:load Completed in 17ms
17 timing npm:load:configload Completed in 18ms
18 timing config:load:flatten Completed in 3ms
19 timing npm:load:mkdirpcache Completed in 0ms
20 timing npm:load:mkdirplogs Completed in 1ms
21 verbose title npm ERR! syscall open
22 verbose argv "ERR!" "syscall" "open"
23 timing npm:load:setTitle Completed in 1ms
24 timing npm:load:display Completed in 1ms
25 verbose logfile logs-max:10 dir:/home/keter/.npm/_logs/2023-09-07T15_28_04_738Z-
26 verbose logfile /home/keter/.npm/_logs/2023-09-07T15_28_04_738Z-debug-0.log
27 timing npm:load:logFile Completed in 12ms
28 timing npm:load:timers Completed in 0ms
29 timing npm:load:configScope Completed in 1ms
30 timing npm:load Completed in 57ms
31 verbose exit 1
32 timing npm Completed in 136ms
33 verbose code 1
